info: Servidor listo, puerto: 8083 - Ambiente: local
info: Se hace la conexión con exito.
info: getAllUser: se encontraron 3 usuarios
info: Se hace la conexión con exito.
info: getAllUser: se encontraron 3 usuarios
info: Servidor listo, puerto: 8083 - Ambiente: local
info: Servidor listo, puerto: 8083 - Ambiente: local
info: Se hace la conexión con exito.
info: getAllUser: se encontraron 3 usuarios
info: Servidor listo, puerto: 8083 - Ambiente: local
info: Servidor listo, puerto: 8083 - Ambiente: local
info: Servidor listo, puerto: 8083 - Ambiente: local
info: Servidor listo, puerto: 8083 - Ambiente: local
info: Servidor listo, puerto: 8083 - Ambiente: local
info: Se hace la conexión con exito.
info: getAllUser: se encontraron 3 usuarios
info: Servidor listo, puerto: 8083 - Ambiente: local
info: Servidor listo, puerto: 8083 - Ambiente: local
info: Servidor listo, puerto: 8083 - Ambiente: local
info: Servidor listo, puerto: 8083 - Ambiente: local
info: Se hace la conexión con exito.
info: getAllUser: se encontraron 3 usuarios
info: Servidor listo, puerto: 8083 - Ambiente: local
info: Servidor listo, puerto: 8083 - Ambiente: local
info: Se hace la conexión con exito.
info: getAllUser: se encontraron 3 usuarios
info: Servidor listo, puerto: 8083 - Ambiente: local
info: Servidor listo, puerto: 8083 - Ambiente: local
info: Servidor listo, puerto: 8083 - Ambiente: local
info: Servidor listo, puerto: 8083 - Ambiente: local
info: Servidor listo, puerto: 8083 - Ambiente: local
info: Servidor listo, puerto: 8083 - Ambiente: local
info: Servidor listo, puerto: 8083 - Ambiente: local
info: Servidor listo, puerto: 8083 - Ambiente: local
info: Servidor listo, puerto: 8083 - Ambiente: local
info: Servidor listo, puerto: 8083 - Ambiente: local
info: Servidor listo, puerto: 8083 - Ambiente: local
info: Servidor listo, puerto: 8083 - Ambiente: local
info: Servidor listo, puerto: 8083 - Ambiente: local
info: Servidor listo, puerto: 8083 - Ambiente: local
info: Servidor listo, puerto: 8083 - Ambiente: local
info: Servidor listo, puerto: 8083 - Ambiente: local
info: Servidor listo, puerto: 8083 - Ambiente: local
info: Servidor listo, puerto: 8083 - Ambiente: local
info: Servidor listo, puerto: 8083 - Ambiente: local
info: Servidor listo, puerto: 8083 - Ambiente: local
info: Servidor listo, puerto: 8083 - Ambiente: local
info: Servidor listo, puerto: 8083 - Ambiente: local
info: Servidor listo, puerto: 8083 - Ambiente: local
info: Servidor listo, puerto: 8083 - Ambiente: local
info: Servidor listo, puerto: 8083 - Ambiente: local
info: false
info: Servidor listo, puerto: 8083 - Ambiente: local
info: Servidor listo, puerto: 8083 - Ambiente: local
info: Servidor listo, puerto: 8083 - Ambiente: local
info: Servidor listo, puerto: 8083 - Ambiente: local
info: Servidor listo, puerto: 8083 - Ambiente: local
info: Servidor listo, puerto: 8083 - Ambiente: local
info: Servidor listo, puerto: 8083 - Ambiente: local
info: false
info: Servidor listo, puerto: 8083 - Ambiente: local
warn: El siguiente campo no esta permitido 1
info: false
info: Servidor listo, puerto: 8083 - Ambiente: local
warn: El siguiente campo no esta permitido 
info: false
info: Servidor listo, puerto: 8083 - Ambiente: local
info: El siguiente campo no esta permitido 
info: false
info: Servidor listo, puerto: 8083 - Ambiente: local
info: Servidor listo, puerto: 8083 - Ambiente: local
info: Servidor listo, puerto: 8083 - Ambiente: local
info: Servidor listo, puerto: 8083 - Ambiente: local
info: Servidor listo, puerto: 8083 - Ambiente: local
info: Servidor listo, puerto: 8083 - Ambiente: local
info: Servidor listo, puerto: 8083 - Ambiente: local
info: Servidor listo, puerto: 8083 - Ambiente: local
info: Servidor listo, puerto: 8083 - Ambiente: local
info: Servidor listo, puerto: 8083 - Ambiente: local
error: El siguiente campo no esta permitido 1
info: Servidor listo, puerto: 8083 - Ambiente: local
error: El siguiente campo no esta permitido sesxo
info: Servidor listo, puerto: 8083 - Ambiente: local
info: Servidor listo, puerto: 8083 - Ambiente: local
info: Servidor listo, puerto: 8083 - Ambiente: local
error: Error en validarCamposUsuario: el siguiente campo no esta permitido sesxo
info: Servidor listo, puerto: 8083 - Ambiente: local
error: Error en validarCamposUsuario: el siguiente campo no esta permitido sesxo
info: Se genero el modelo de usuario: 1107102698 correctamente
info: Se hace la conexión con exito.
info: Servidor listo, puerto: 8083 - Ambiente: local
info: Servidor listo, puerto: 8083 - Ambiente: local
