info: cors permitidos: http://localhost:8080
info: Servidor listo, puerto: 8083 - Ambiente: local
info: Se genero el modelo de rol: asesor correctamente
info: Se hace la conexión con exito.
error: Error en _insertRol:  Error: Algo salio mal.
info: cors permitidos: http://localhost:8080
info: Servidor listo, puerto: 8083 - Ambiente: local
info: cors permitidos: http://localhost:8080
info: Servidor listo, puerto: 8083 - Ambiente: local
info: Se genero el modelo de rol: asesor correctamente
info: Se hace la conexión con exito.
error: Error en _insertRol:  Error: Algo salio mal.
info: cors permitidos: http://localhost:8080
info: Servidor listo, puerto: 8083 - Ambiente: local
info: cors permitidos: http://localhost:8080
info: Servidor listo, puerto: 8083 - Ambiente: local
info: cors permitidos: http://localhost:8080
info: Servidor listo, puerto: 8083 - Ambiente: local
info: cors permitidos: http://localhost:8080
info: Servidor listo, puerto: 8083 - Ambiente: local
info: cors permitidos: http://localhost:8080
info: Servidor listo, puerto: 8083 - Ambiente: local
info: cors permitidos: http://localhost:8080
info: Servidor listo, puerto: 8083 - Ambiente: local
info: cors permitidos: http://localhost:8080
info: Servidor listo, puerto: 8083 - Ambiente: local
info: cors permitidos: http://localhost:8080
info: Servidor listo, puerto: 8083 - Ambiente: local
info: cors permitidos: http://localhost:8080
info: Servidor listo, puerto: 8083 - Ambiente: local
info: cors permitidos: http://localhost:8080
info: Servidor listo, puerto: 8083 - Ambiente: local
info: cors permitidos: http://localhost:8080
info: Servidor listo, puerto: 8083 - Ambiente: local
info: cors permitidos: http://localhost:8080
info: Servidor listo, puerto: 8083 - Ambiente: local
info: cors permitidos: http://localhost:8080
info: Servidor listo, puerto: 8083 - Ambiente: local
info: cors permitidos: http://localhost:8080
info: Servidor listo, puerto: 8083 - Ambiente: local
info: cors permitidos: http://localhost:8080
info: Servidor listo, puerto: 8083 - Ambiente: local
info: cors permitidos: http://localhost:8080
info: Servidor listo, puerto: 8083 - Ambiente: local
info: cors permitidos: http://localhost:8080
info: Servidor listo, puerto: 8083 - Ambiente: local
info: cors permitidos: http://localhost:8080
info: Servidor listo, puerto: 8083 - Ambiente: local
info: cors permitidos: http://localhost:8080
info: Servidor listo, puerto: 8083 - Ambiente: local
info: cors permitidos: http://localhost:8080
info: Servidor listo, puerto: 8083 - Ambiente: local
info: cors permitidos: http://localhost:8080
info: Servidor listo, puerto: 8083 - Ambiente: local
info: cors permitidos: http://localhost:8080
info: Servidor listo, puerto: 8083 - Ambiente: local
info: cors permitidos: http://localhost:8080
info: Servidor listo, puerto: 8083 - Ambiente: local
info: cors permitidos: http://localhost:8080
info: Servidor listo, puerto: 8083 - Ambiente: local
info: cors permitidos: http://localhost:8080
info: Servidor listo, puerto: 8083 - Ambiente: local
info: cors permitidos: http://localhost:8080
info: Servidor listo, puerto: 8083 - Ambiente: local
info: cors permitidos: http://localhost:8080
info: Servidor listo, puerto: 8083 - Ambiente: local
info: cors permitidos: http://localhost:8080
info: Servidor listo, puerto: 8083 - Ambiente: local
info: cors permitidos: http://localhost:8080
info: Servidor listo, puerto: 8083 - Ambiente: local
info: Se hace la conexión con exito.
error: Error en getRolById:  error: error de sintaxis en o cerca de «d49a»
info: cors permitidos: http://localhost:8080
info: Servidor listo, puerto: 8083 - Ambiente: local
info: Se hace la conexión con exito.
info: Se hace la conexión con exito.
error: Error en getRolById:  error: la sintaxis de entrada no es válida para tipo uuid: «123»
info: cors permitidos: http://localhost:8080
info: Servidor listo, puerto: 8083 - Ambiente: local
info: cors permitidos: http://localhost:8080
info: Servidor listo, puerto: 8083 - Ambiente: local
info: cors permitidos: http://localhost:8080
info: Servidor listo, puerto: 8083 - Ambiente: local
info: cors permitidos: http://localhost:8080
info: Servidor listo, puerto: 8083 - Ambiente: local
info: cors permitidos: http://localhost:8080
info: Servidor listo, puerto: 8083 - Ambiente: local
info: cors permitidos: http://localhost:8080
info: Servidor listo, puerto: 8083 - Ambiente: local
info: cors permitidos: http://localhost:8080
info: Servidor listo, puerto: 8083 - Ambiente: local
info: cors permitidos: http://localhost:8080
info: Servidor listo, puerto: 8083 - Ambiente: local
info: cors permitidos: http://localhost:8080
info: Servidor listo, puerto: 8083 - Ambiente: local
info: cors permitidos: http://localhost:8080
info: Servidor listo, puerto: 8083 - Ambiente: local
info: cors permitidos: http://localhost:8080
info: Servidor listo, puerto: 8083 - Ambiente: local
info: cors permitidos: http://localhost:8080
info: Servidor listo, puerto: 8083 - Ambiente: local
info: cors permitidos: http://localhost:8080
info: Servidor listo, puerto: 8083 - Ambiente: local
info: cors permitidos: http://localhost:8080
info: Servidor listo, puerto: 8083 - Ambiente: local
info: cors permitidos: http://localhost:8080
info: Servidor listo, puerto: 8083 - Ambiente: local
info: cors permitidos: http://localhost:8080
info: Servidor listo, puerto: 8083 - Ambiente: local
info: cors permitidos: http://localhost:8080
info: Servidor listo, puerto: 8083 - Ambiente: local
info: cors permitidos: http://localhost:8080
info: Servidor listo, puerto: 8083 - Ambiente: local
info: cors permitidos: http://localhost:8080
info: Servidor listo, puerto: 8083 - Ambiente: local
info: cors permitidos: http://localhost:8080
info: Servidor listo, puerto: 8083 - Ambiente: local
info: cors permitidos: http://localhost:8080
info: Servidor listo, puerto: 8083 - Ambiente: local
info: cors permitidos: http://localhost:8080
info: Servidor listo, puerto: 8083 - Ambiente: local
info: cors permitidos: http://localhost:8080
info: Servidor listo, puerto: 8083 - Ambiente: local
info: cors permitidos: http://localhost:8080
info: Servidor listo, puerto: 8083 - Ambiente: local
info: cors permitidos: http://localhost:8080
info: Servidor listo, puerto: 8083 - Ambiente: local
info: cors permitidos: http://localhost:8080
info: Servidor listo, puerto: 8083 - Ambiente: local
info: cors permitidos: http://localhost:8080
info: Servidor listo, puerto: 8083 - Ambiente: local
info: cors permitidos: http://localhost:8080
info: Servidor listo, puerto: 8083 - Ambiente: local
info: cors permitidos: http://localhost:8080
info: Servidor listo, puerto: 8083 - Ambiente: local
info: cors permitidos: http://localhost:8080
info: Servidor listo, puerto: 8083 - Ambiente: local
info: cors permitidos: http://localhost:8080
info: Servidor listo, puerto: 8083 - Ambiente: local
info: cors permitidos: http://localhost:8080
info: Servidor listo, puerto: 8083 - Ambiente: local
info: cors permitidos: http://localhost:8080
info: Servidor listo, puerto: 8083 - Ambiente: local
info: cors permitidos: http://localhost:8080
info: Servidor listo, puerto: 8083 - Ambiente: local
info: cors permitidos: http://localhost:8080
info: Servidor listo, puerto: 8083 - Ambiente: local
info: cors permitidos: http://localhost:8080
info: Servidor listo, puerto: 8083 - Ambiente: local
info: cors permitidos: http://localhost:8080
info: Servidor listo, puerto: 8083 - Ambiente: local
info: cors permitidos: http://localhost:8080
info: Servidor listo, puerto: 8083 - Ambiente: local
info: cors permitidos: http://localhost:8080
info: Servidor listo, puerto: 8083 - Ambiente: local
info: cors permitidos: http://localhost:8080
info: Servidor listo, puerto: 8083 - Ambiente: local
info: cors permitidos: http://localhost:8080
info: Servidor listo, puerto: 8083 - Ambiente: local
info: cors permitidos: http://localhost:8080
info: Servidor listo, puerto: 8083 - Ambiente: local
info: cors permitidos: http://localhost:8080
info: Servidor listo, puerto: 8083 - Ambiente: local
info: cors permitidos: http://localhost:8080
info: Servidor listo, puerto: 8083 - Ambiente: local
info: cors permitidos: http://localhost:8080
info: Servidor listo, puerto: 8083 - Ambiente: local
info: cors permitidos: http://localhost:8080
info: Servidor listo, puerto: 8083 - Ambiente: local
info: cors permitidos: http://localhost:8080
info: Servidor listo, puerto: 8083 - Ambiente: local
info: cors permitidos: http://localhost:8080
info: Servidor listo, puerto: 8083 - Ambiente: local
info: cors permitidos: http://localhost:8080
info: Servidor listo, puerto: 8083 - Ambiente: local
info: cors permitidos: http://localhost:8080
info: Servidor listo, puerto: 8083 - Ambiente: local
info: cors permitidos: http://localhost:8080
info: Servidor listo, puerto: 8083 - Ambiente: local
info: Se hace la conexión con exito.
info: cors permitidos: http://localhost:8080
info: Servidor listo, puerto: 8083 - Ambiente: local
info: cors permitidos: http://localhost:8080
info: Servidor listo, puerto: 8083 - Ambiente: local
info: cors permitidos: http://localhost:8080
info: Servidor listo, puerto: 8083 - Ambiente: local
info: cors permitidos: http://localhost:8080
info: Servidor listo, puerto: 8083 - Ambiente: local
info: Se hace la conexión con exito.
info: cors permitidos: http://localhost:8080
info: Servidor listo, puerto: 8083 - Ambiente: local
info: Se hace la conexión con exito.
info: getAllRols: se encontraron 2 roles
info: cors permitidos: http://localhost:8080
info: Servidor listo, puerto: 8083 - Ambiente: local
info: Se hace la conexión con exito.
info: getAllRols: se encontraron 2 roles
info: Se hace la conexión con exito.
info: Se genero el modelo de rol: admin correctamente
info: Se hace la conexión con exito.
info: insert rol, admin success
info: Se hace la conexión con exito.
info: getAllRols: se encontraron 1 roles
info: cors permitidos: http://localhost:8080
info: Servidor listo, puerto: 8083 - Ambiente: local
info: cors permitidos: http://localhost:8080
info: Servidor listo, puerto: 8083 - Ambiente: local
info: cors permitidos: http://localhost:8080
info: Servidor listo, puerto: 8083 - Ambiente: local
info: cors permitidos: http://localhost:8080
info: Servidor listo, puerto: 8083 - Ambiente: local
info: cors permitidos: http://localhost:8080
info: Servidor listo, puerto: 8083 - Ambiente: local
info: cors permitidos: http://localhost:8080
info: Servidor listo, puerto: 8083 - Ambiente: local
info: cors permitidos: http://localhost:8080
info: Servidor listo, puerto: 8083 - Ambiente: local
info: cors permitidos: http://localhost:8080
info: Servidor listo, puerto: 8083 - Ambiente: local
info: cors permitidos: http://localhost:8080
info: Servidor listo, puerto: 8083 - Ambiente: local
info: cors permitidos: http://localhost:8080
info: Servidor listo, puerto: 8083 - Ambiente: local
info: cors permitidos: http://localhost:8080
info: Servidor listo, puerto: 8083 - Ambiente: local
info: cors permitidos: http://localhost:8080
info: Servidor listo, puerto: 8083 - Ambiente: local
info: cors permitidos: http://localhost:8080
info: Servidor listo, puerto: 8083 - Ambiente: local
info: cors permitidos: http://localhost:8080
info: Servidor listo, puerto: 8083 - Ambiente: local
info: cors permitidos: http://localhost:8080
info: Servidor listo, puerto: 8083 - Ambiente: local
info: cors permitidos: http://localhost:8080
info: Servidor listo, puerto: 8083 - Ambiente: local
info: cors permitidos: http://localhost:8080
info: Servidor listo, puerto: 8083 - Ambiente: local
info: cors permitidos: http://localhost:8080
info: Servidor listo, puerto: 8083 - Ambiente: local
info: cors permitidos: http://localhost:8080
info: Servidor listo, puerto: 8083 - Ambiente: local
info: cors permitidos: http://localhost:8080
info: Servidor listo, puerto: 8083 - Ambiente: local
info: cors permitidos: http://localhost:8080
info: Servidor listo, puerto: 8083 - Ambiente: local
info: cors permitidos: http://localhost:8080
info: Servidor listo, puerto: 8083 - Ambiente: local
info: cors permitidos: http://localhost:8080
info: Servidor listo, puerto: 8083 - Ambiente: local
info: cors permitidos: http://localhost:8080
info: Servidor listo, puerto: 8083 - Ambiente: local
info: cors permitidos: http://localhost:8080
info: Servidor listo, puerto: 8083 - Ambiente: local
info: cors permitidos: http://localhost:8080
info: Servidor listo, puerto: 8083 - Ambiente: local
info: cors permitidos: http://localhost:8080
info: Servidor listo, puerto: 8083 - Ambiente: local
info: cors permitidos: http://localhost:8080
info: Servidor listo, puerto: 8083 - Ambiente: local
info: cors permitidos: http://localhost:8080
info: Servidor listo, puerto: 8083 - Ambiente: local
info: cors permitidos: http://localhost:8080
info: Servidor listo, puerto: 8083 - Ambiente: local
info: cors permitidos: http://localhost:8080
info: Servidor listo, puerto: 8083 - Ambiente: local
info: cors permitidos: http://localhost:8080
info: Servidor listo, puerto: 8083 - Ambiente: local
info: cors permitidos: http://localhost:8080
info: Servidor listo, puerto: 8083 - Ambiente: local
info: cors permitidos: http://localhost:8080
info: Servidor listo, puerto: 8083 - Ambiente: local
info: cors permitidos: http://localhost:8080
info: Servidor listo, puerto: 8083 - Ambiente: local
info: cors permitidos: http://localhost:8080
info: Servidor listo, puerto: 8083 - Ambiente: local
info: cors permitidos: http://localhost:8080
info: Servidor listo, puerto: 8083 - Ambiente: local
info: cors permitidos: http://localhost:8080
info: Servidor listo, puerto: 8083 - Ambiente: local
info: cors permitidos: http://localhost:8080
info: Servidor listo, puerto: 8083 - Ambiente: local
info: cors permitidos: http://localhost:8080
info: Servidor listo, puerto: 8083 - Ambiente: local
info: cors permitidos: http://localhost:8080
info: Servidor listo, puerto: 8083 - Ambiente: local
info: cors permitidos: http://localhost:8080
info: Servidor listo, puerto: 8083 - Ambiente: local
info: cors permitidos: http://localhost:8080
info: Servidor listo, puerto: 8083 - Ambiente: local
info: cors permitidos: http://localhost:8080
info: Servidor listo, puerto: 8083 - Ambiente: local
info: cors permitidos: http://localhost:8080
info: Servidor listo, puerto: 8083 - Ambiente: local
info: cors permitidos: http://localhost:8080
info: Servidor listo, puerto: 8083 - Ambiente: local
info: cors permitidos: http://localhost:8080
info: Servidor listo, puerto: 8083 - Ambiente: local
info: cors permitidos: http://localhost:8080
info: Servidor listo, puerto: 8083 - Ambiente: local
info: cors permitidos: http://localhost:8080
info: Servidor listo, puerto: 8083 - Ambiente: local
info: cors permitidos: http://localhost:8080
info: Servidor listo, puerto: 8083 - Ambiente: local
info: cors permitidos: http://localhost:8080
info: Servidor listo, puerto: 8083 - Ambiente: local
info: Se hace la conexión con exito.
info: getAllRols: se encontraron 1 roles
info: Se genero el modelo de rol: asesor correctamente
info: Se hace la conexión con exito.
info: insert rol, asesor success
info: Se genero el modelo de rol: asesor correctamente
info: Se hace la conexión con exito.
info: insert rol, asesor success
info: cors permitidos: http://localhost:8080
info: Servidor listo, puerto: 8083 - Ambiente: local
info: cors permitidos: http://localhost:8080
info: Servidor listo, puerto: 8083 - Ambiente: local
