info: Servidor listo, puerto: 8083 - Ambiente: local
error:  time: 2023-10-28 13:03:14 | Token ingresado expirado.
error:  time: 2023-10-28 13:03:14 metodo: validarToken | Error: time: Sat Oct 28 2023 13:03:14 GMT-0500 (hora estándar de Colombia): Token ingresado expirado.
error:  time: 2023-10-28 13:05:15 | Token ingresado expirado.
error:  time: 2023-10-28 13:05:15 metodo: validarToken | Error: time: Sat Oct 28 2023 13:05:15 GMT-0500 (hora estándar de Colombia): Token ingresado expirado.
error:  time: 2023-10-28 13:05:21 | Token ingresado expirado.
error:  time: 2023-10-28 13:05:21 metodo: validarToken | Error: time: Sat Oct 28 2023 13:05:21 GMT-0500 (hora estándar de Colombia): Token ingresado expirado.
info: Servidor listo, puerto: 8083 - Ambiente: local
info: Servidor listo, puerto: 8083 - Ambiente: local
info: Servidor listo, puerto: 8083 - Ambiente: local
info: Servidor listo, puerto: 8083 - Ambiente: local
info: Servidor listo, puerto: 8083 - Ambiente: local
info: Servidor listo, puerto: 8083 - Ambiente: local
info: Servidor listo, puerto: 8083 - Ambiente: local
info: Servidor listo, puerto: 8083 - Ambiente: local
info: Servidor listo, puerto: 8083 - Ambiente: local
info: Servidor listo, puerto: 8083 - Ambiente: local
info: Servidor listo, puerto: 8083 - Ambiente: local
info: Servidor listo, puerto: 8083 - Ambiente: local
info: Servidor listo, puerto: 8083 - Ambiente: local
info: Servidor listo, puerto: 8083 - Ambiente: local
info: Servidor listo, puerto: 8083 - Ambiente: local
info: Servidor listo, puerto: 8083 - Ambiente: local
info: Servidor listo, puerto: 8083 - Ambiente: local
error:  time: 2023-10-28 13:34:30 | Id ingresado no cumple con el formato requerido.
error:  time: 2023-10-28 13:34:33 | Id ingresado no cumple con el formato requerido.
error:  time: 2023-10-28 13:34:37 | Id ingresado no cumple con el formato requerido.
info: Servidor listo, puerto: 8083 - Ambiente: local
error:  time: 2023-10-28 13:35:10 | 
info: Servidor listo, puerto: 8083 - Ambiente: local
error:  time: 2023-10-28 13:35:49 | 
info: Servidor listo, puerto: 8083 - Ambiente: local
error:  time: 2023-10-28 13:36:27 | 
info: Servidor listo, puerto: 8083 - Ambiente: local
info: Servidor listo, puerto: 8083 - Ambiente: local
info: Servidor listo, puerto: 8083 - Ambiente: local
info: Servidor listo, puerto: 8083 - Ambiente: local
info: Servidor listo, puerto: 8083 - Ambiente: local
info: Servidor listo, puerto: 8083 - Ambiente: local
info: Servidor listo, puerto: 8083 - Ambiente: local
info: Servidor listo, puerto: 8083 - Ambiente: local
info: Servidor listo, puerto: 8083 - Ambiente: local
info: Servidor listo, puerto: 8083 - Ambiente: local
info: Servidor listo, puerto: 8083 - Ambiente: local
info: Servidor listo, puerto: 8083 - Ambiente: local
info: Servidor listo, puerto: 8083 - Ambiente: local
info: Servidor listo, puerto: 8083 - Ambiente: local
info: Servidor listo, puerto: 8083 - Ambiente: local
info: Servidor listo, puerto: 8083 - Ambiente: local
info: Servidor listo, puerto: 8083 - Ambiente: local
error:  time: 2023-10-28 13:50:08 | 
info: Servidor listo, puerto: 8083 - Ambiente: local
info: Servidor listo, puerto: 8083 - Ambiente: local
info: Servidor listo, puerto: 8083 - Ambiente: local
info: Servidor listo, puerto: 8083 - Ambiente: local
info: Servidor listo, puerto: 8083 - Ambiente: local
info: Servidor listo, puerto: 8083 - Ambiente: local
info: Servidor listo, puerto: 8083 - Ambiente: local
error:  time: 2023-10-28 14:30:25 | Token ingresado expirado.
error:  time: 2023-10-28 14:30:25 metodo: validarToken | Error: time: Sat Oct 28 2023 14:30:25 GMT-0500 (hora estándar de Colombia): Token ingresado expirado.
error:  time: 2023-10-28 14:30:54 | Token ingresado expirado.
error:  time: 2023-10-28 14:30:54 metodo: validarToken | Error: time: Sat Oct 28 2023 14:30:54 GMT-0500 (hora estándar de Colombia): Token ingresado expirado.
error:  time: 2023-10-28 14:32:12 | Token ingresado expirado.
error:  time: 2023-10-28 14:32:12 metodo: validarToken | Error: time: Sat Oct 28 2023 14:32:12 GMT-0500 (hora estándar de Colombia): Token ingresado expirado.
error:  time: 2023-10-28 14:32:43 | Token ingresado expirado.
error:  time: 2023-10-28 14:32:43 metodo: validarToken | Error: time: Sat Oct 28 2023 14:32:43 GMT-0500 (hora estándar de Colombia): Token ingresado expirado.
info: Servidor listo, puerto: 8083 - Ambiente: local
info: Servidor listo, puerto: 8083 - Ambiente: local
info: Servidor listo, puerto: 8083 - Ambiente: local
info: Servidor listo, puerto: 8083 - Ambiente: local
info: Servidor listo, puerto: 8083 - Ambiente: local
info: Servidor listo, puerto: 8083 - Ambiente: local
info: Servidor listo, puerto: 8083 - Ambiente: local
info: Servidor listo, puerto: 8083 - Ambiente: local
info: Servidor listo, puerto: 8083 - Ambiente: local
info: Servidor listo, puerto: 8083 - Ambiente: local
info: Servidor listo, puerto: 8083 - Ambiente: local
info: Servidor listo, puerto: 8083 - Ambiente: local
info: Servidor listo, puerto: 8083 - Ambiente: local
info: Servidor listo, puerto: 8083 - Ambiente: local
info: Servidor listo, puerto: 8083 - Ambiente: local
info: Servidor listo, puerto: 8083 - Ambiente: local
info: Servidor listo, puerto: 8083 - Ambiente: local
info: Servidor listo, puerto: 8083 - Ambiente: local
info: Servidor listo, puerto: 8083 - Ambiente: local
info: Servidor listo, puerto: 8083 - Ambiente: local
info: Servidor listo, puerto: 8083 - Ambiente: local
info: Servidor listo, puerto: 8083 - Ambiente: local
info: Servidor listo, puerto: 8083 - Ambiente: local
info: Servidor listo, puerto: 8083 - Ambiente: local
info: Servidor listo, puerto: 8083 - Ambiente: local
info: Servidor listo, puerto: 8083 - Ambiente: local
info: Servidor listo, puerto: 8083 - Ambiente: local
info: Servidor listo, puerto: 8083 - Ambiente: local
info: Servidor listo, puerto: 8083 - Ambiente: local
info: Servidor listo, puerto: 8083 - Ambiente: local
error:  time: 2023-10-28 14:45:30 | Token ingresado expirado.
error:  time: 2023-10-28 14:45:30 metodo: validarToken | Error: time: Sat Oct 28 2023 14:45:30 GMT-0500 (hora estándar de Colombia): Token ingresado expirado.
error:  time: 2023-10-28 14:46:01 | Token ingresado expirado.
error:  time: 2023-10-28 14:46:01 metodo: validarToken | Error: time: Sat Oct 28 2023 14:46:01 GMT-0500 (hora estándar de Colombia): Token ingresado expirado.
error:  time: 2023-10-28 14:46:24 | Token ingresado expirado.
error:  time: 2023-10-28 14:46:24 metodo: validarToken | Error: time: Sat Oct 28 2023 14:46:24 GMT-0500 (hora estándar de Colombia): Token ingresado expirado.
error:  time: 2023-10-28 14:46:29 | Token ingresado expirado.
error:  time: 2023-10-28 14:46:29 metodo: validarToken | Error: time: Sat Oct 28 2023 14:46:29 GMT-0500 (hora estándar de Colombia): Token ingresado expirado.
error:  time: 2023-10-28 14:46:52 | Token ingresado expirado.
error:  time: 2023-10-28 14:46:52 metodo: validarToken | Error: time: Sat Oct 28 2023 14:46:52 GMT-0500 (hora estándar de Colombia): Token ingresado expirado.
error:  time: 2023-10-28 14:48:00 | Token ingresado expirado.
error:  time: 2023-10-28 14:48:00 metodo: validarToken | Error: time: Sat Oct 28 2023 14:48:00 GMT-0500 (hora estándar de Colombia): Token ingresado expirado.
error:  time: 2023-10-28 14:49:02 | Token ingresado expirado.
error:  time: 2023-10-28 14:49:02 metodo: validarToken | Error: time: Sat Oct 28 2023 14:49:02 GMT-0500 (hora estándar de Colombia): Token ingresado expirado.
error:  time: 2023-10-28 14:49:12 | Token ingresado expirado.
error:  time: 2023-10-28 14:49:12 metodo: validarToken | Error: time: Sat Oct 28 2023 14:49:12 GMT-0500 (hora estándar de Colombia): Token ingresado expirado.
error:  time: 2023-10-28 14:49:22 | Token ingresado expirado.
error:  time: 2023-10-28 14:49:22 metodo: validarToken | Error: time: Sat Oct 28 2023 14:49:22 GMT-0500 (hora estándar de Colombia): Token ingresado expirado.
error:  time: 2023-10-28 14:49:58 metodo: _insertUsuarioRol | error: error de sintaxis en o cerca de «)»
info: Servidor listo, puerto: 8083 - Ambiente: local
error:  time: 2023-10-28 14:51:32 metodo: _insertUsuarioRol | error: error de sintaxis en o cerca de «)»
info: Servidor listo, puerto: 8083 - Ambiente: local
info: Servidor listo, puerto: 8083 - Ambiente: local
info: Servidor listo, puerto: 8083 - Ambiente: local
info: Servidor listo, puerto: 8083 - Ambiente: local
error:  time: 2023-10-28 14:59:46 metodo: _insertUsuarioRol | error: error de sintaxis en o cerca de «)»
info: Servidor listo, puerto: 8083 - Ambiente: local
info: Servidor listo, puerto: 8083 - Ambiente: local
info: Servidor listo, puerto: 8083 - Ambiente: local
info: Servidor listo, puerto: 8083 - Ambiente: local
info: Servidor listo, puerto: 8083 - Ambiente: local
info: Servidor listo, puerto: 8083 - Ambiente: local
error:  time: 2023-10-28 15:04:03 metodo: _insertUsuarioRol | error: error de sintaxis en o cerca de «)»
info: Servidor listo, puerto: 8083 - Ambiente: local
error:  time: 2023-10-28 15:07:16 metodo: _insertCotizacion | error: error de sintaxis en o cerca de «)»
info: Servidor listo, puerto: 8083 - Ambiente: local
info: Servidor listo, puerto: 8083 - Ambiente: local
error:  time: 2023-10-28 15:08:21 metodo: _insertCotizacion | error: no existe la columna «cedula_cliente» en la relación «cotizacion»
info: Servidor listo, puerto: 8083 - Ambiente: local
error:  time: 2023-10-28 15:09:33 metodo: _insertCotizacion | error: no existe la columna «cedula_cliente» en la relación «cotizacion»
info: Servidor listo, puerto: 8083 - Ambiente: local
info: Servidor listo, puerto: 8083 - Ambiente: local
info: Servidor listo, puerto: 8083 - Ambiente: local
info: Servidor listo, puerto: 8083 - Ambiente: local
info: Servidor listo, puerto: 8083 - Ambiente: local
info: Servidor listo, puerto: 8083 - Ambiente: local
info: Servidor listo, puerto: 8083 - Ambiente: local
info: Servidor listo, puerto: 8083 - Ambiente: local
error:  time: 2023-10-28 15:51:10 | Token ingresado expirado.
error:  time: 2023-10-28 15:51:10 metodo: validarToken | Error: time: Sat Oct 28 2023 15:51:10 GMT-0500 (hora estándar de Colombia): Token ingresado expirado.
info: Servidor listo, puerto: 8083 - Ambiente: local
info: Servidor listo, puerto: 8083 - Ambiente: local
info: Servidor listo, puerto: 8083 - Ambiente: local
info: Servidor listo, puerto: 8083 - Ambiente: local
error:  time: 2023-10-28 16:02:48 metodo: _insertCotizacion | error: basura sigue después de un literal numérico en o cerca de «29d»
info: Servidor listo, puerto: 8083 - Ambiente: local
error:  time: 2023-10-28 16:03:36 metodo: _getCotizacionByNombreAndUsuario | error: basura sigue después de un literal numérico en o cerca de «29d»
info: Servidor listo, puerto: 8083 - Ambiente: local
info: Servidor listo, puerto: 8083 - Ambiente: local
info: Servidor listo, puerto: 8083 - Ambiente: local
info: Servidor listo, puerto: 8083 - Ambiente: local
info: Servidor listo, puerto: 8083 - Ambiente: local
info: Servidor listo, puerto: 8083 - Ambiente: local
info: Servidor listo, puerto: 8083 - Ambiente: local
info: Servidor listo, puerto: 8083 - Ambiente: local
info: Servidor listo, puerto: 8083 - Ambiente: local
info: Servidor listo, puerto: 8083 - Ambiente: local
info: Servidor listo, puerto: 8083 - Ambiente: local
error:  time: 2023-10-28 16:15:43 metodo: _getUsuarioById | error: basura sigue después de un literal numérico en o cerca de «29d»
error:  time: 2023-10-28 16:15:46 metodo: _getUsuarioById | error: basura sigue después de un literal numérico en o cerca de «29d»
info: Servidor listo, puerto: 8083 - Ambiente: local
info: Servidor listo, puerto: 8083 - Ambiente: local
info: Servidor listo, puerto: 8083 - Ambiente: local
info: Servidor listo, puerto: 8083 - Ambiente: local
error:  time: 2023-10-28 16:18:08 | 
info: Servidor listo, puerto: 8083 - Ambiente: local
error:  time: 2023-10-28 16:19:09 | 
info: Servidor listo, puerto: 8083 - Ambiente: local
info: Servidor listo, puerto: 8083 - Ambiente: local
info: Servidor listo, puerto: 8083 - Ambiente: local
info: Servidor listo, puerto: 8083 - Ambiente: local
info: Servidor listo, puerto: 8083 - Ambiente: local
error:  time: 2023-10-28 16:23:15 | Nombre de la cotizacion no disponible.
error:  time: 2023-10-28 16:23:26 | Nombre de la cotizacion no disponible.
error:  time: 2023-10-28 17:40:24 | Token ingresado expirado.
error:  time: 2023-10-28 17:40:24 metodo: validarToken | Error: time: Sat Oct 28 2023 17:40:24 GMT-0500 (hora estándar de Colombia): Token ingresado expirado.
info: Servidor listo, puerto: 8083 - Ambiente: local
info: Servidor listo, puerto: 8083 - Ambiente: local
info: Servidor listo, puerto: 8083 - Ambiente: local
info: Servidor listo, puerto: 8083 - Ambiente: local
info: Servidor listo, puerto: 8083 - Ambiente: local
info: Servidor listo, puerto: 8083 - Ambiente: local
info: Servidor listo, puerto: 8083 - Ambiente: local
info: Servidor listo, puerto: 8083 - Ambiente: local
info: Servidor listo, puerto: 8083 - Ambiente: local
info: Servidor listo, puerto: 8083 - Ambiente: local
info: Servidor listo, puerto: 8083 - Ambiente: local
info: Servidor listo, puerto: 8083 - Ambiente: local
info: Servidor listo, puerto: 8083 - Ambiente: local
info: Servidor listo, puerto: 8083 - Ambiente: local
info: Servidor listo, puerto: 8083 - Ambiente: local
error:  time: 2023-10-28 18:38:11 metodo: _getCotizacionById | error: no existe la columna «id_producto»
info: Servidor listo, puerto: 8083 - Ambiente: local
info: Servidor listo, puerto: 8083 - Ambiente: local
info: Servidor listo, puerto: 8083 - Ambiente: local
info: Servidor listo, puerto: 8083 - Ambiente: local
info: Servidor listo, puerto: 8083 - Ambiente: local
error:  time: 2023-10-28 22:02:05 | Token ingresado expirado.
error:  time: 2023-10-28 22:02:05 metodo: validarToken | Error: time: Sat Oct 28 2023 22:02:05 GMT-0500 (hora estándar de Colombia): Token ingresado expirado.
error:  time: 2023-10-28 22:02:05 | Token ingresado expirado.
error:  time: 2023-10-28 22:02:05 metodo: validarToken | Error: time: Sat Oct 28 2023 22:02:05 GMT-0500 (hora estándar de Colombia): Token ingresado expirado.
error:  time: 2023-10-28 22:02:13 | Token ingresado expirado.
error:  time: 2023-10-28 22:02:13 metodo: validarToken | Error: time: Sat Oct 28 2023 22:02:13 GMT-0500 (hora estándar de Colombia): Token ingresado expirado.
error:  time: 2023-10-28 22:02:13 | Token ingresado expirado.
error:  time: 2023-10-28 22:02:13 metodo: validarToken | Error: time: Sat Oct 28 2023 22:02:13 GMT-0500 (hora estándar de Colombia): Token ingresado expirado.
error:  time: 2023-10-28 22:02:20 | Token ingresado expirado.
error:  time: 2023-10-28 22:02:20 metodo: validarToken | Error: time: Sat Oct 28 2023 22:02:20 GMT-0500 (hora estándar de Colombia): Token ingresado expirado.
