info: cors permitidos: http://localhost:8080
info: Servidor listo, puerto: 8083 - Ambiente: local
info: Se hace la conexión con exito.
error: Error en getUsuarioById: el ingreso de tipos compuestos anónimos no está implementado {"code":"0A000","file":"d:\\pginstaller_13.auto\\postgres.windows-x64\\src\\backend\\utils\\adt\\rowtypes.c","length":188,"line":"104","name":"error","position":"39","routine":"record_in","severity":"ERROR","stack":"error: el ingreso de tipos compuestos anónimos no está implementado\n    at Parser.parseErrorMessage (C:\\Users\\jeffr\\Documents\\universidad\\Tesis\\tesis-back\\api-express-ts\\node_modules\\pg-protocol\\src\\parser.ts:369:69)\n    at Parser.handlePacket (C:\\Users\\jeffr\\Documents\\universidad\\Tesis\\tesis-back\\api-express-ts\\node_modules\\pg-protocol\\src\\parser.ts:188:21)\n    at Parser.parse (C:\\Users\\jeffr\\Documents\\universidad\\Tesis\\tesis-back\\api-express-ts\\node_modules\\pg-protocol\\src\\parser.ts:103:30)\n    at Socket.<anonymous> (C:\\Users\\jeffr\\Documents\\universidad\\Tesis\\tesis-back\\api-express-ts\\node_modules\\pg-protocol\\src\\index.ts:7:48)\n    at Socket.emit (node:events:527:28)\n    at Socket.emit (node:domain:475:12)\n    at addChunk (node:internal/streams/readable:315:12)\n    at readableAddChunk (node:internal/streams/readable:289:9)\n    at Socket.Readable.push (node:internal/streams/readable:228:10)\n    at TCP.onStreamRead (node:internal/stream_base_commons:190:23)"}
info: cors permitidos: http://localhost:8080
info: Servidor listo, puerto: 8083 - Ambiente: local
info: cors permitidos: http://localhost:8080
info: Servidor listo, puerto: 8083 - Ambiente: local
info: cors permitidos: http://localhost:8080
info: Servidor listo, puerto: 8083 - Ambiente: local
info: cors permitidos: http://localhost:8080
info: Servidor listo, puerto: 8083 - Ambiente: local
info: cors permitidos: http://localhost:8080
info: Servidor listo, puerto: 8083 - Ambiente: local
info: cors permitidos: http://localhost:8080
info: Servidor listo, puerto: 8083 - Ambiente: local
info: cors permitidos: http://localhost:8080
info: Servidor listo, puerto: 8083 - Ambiente: local
info: Se hace la conexión con exito.
error: Error en getUsuarioById: el ingreso de tipos compuestos anónimos no está implementado {"code":"0A000","file":"d:\\pginstaller_13.auto\\postgres.windows-x64\\src\\backend\\utils\\adt\\rowtypes.c","length":188,"line":"104","name":"error","position":"39","routine":"record_in","severity":"ERROR","stack":"error: el ingreso de tipos compuestos anónimos no está implementado\n    at Parser.parseErrorMessage (C:\\Users\\jeffr\\Documents\\universidad\\Tesis\\tesis-back\\api-express-ts\\node_modules\\pg-protocol\\src\\parser.ts:369:69)\n    at Parser.handlePacket (C:\\Users\\jeffr\\Documents\\universidad\\Tesis\\tesis-back\\api-express-ts\\node_modules\\pg-protocol\\src\\parser.ts:188:21)\n    at Parser.parse (C:\\Users\\jeffr\\Documents\\universidad\\Tesis\\tesis-back\\api-express-ts\\node_modules\\pg-protocol\\src\\parser.ts:103:30)\n    at Socket.<anonymous> (C:\\Users\\jeffr\\Documents\\universidad\\Tesis\\tesis-back\\api-express-ts\\node_modules\\pg-protocol\\src\\index.ts:7:48)\n    at Socket.emit (node:events:527:28)\n    at Socket.emit (node:domain:475:12)\n    at addChunk (node:internal/streams/readable:315:12)\n    at readableAddChunk (node:internal/streams/readable:289:9)\n    at Socket.Readable.push (node:internal/streams/readable:228:10)\n    at TCP.onStreamRead (node:internal/stream_base_commons:190:23)"}
error: Error al validar disponibilidad del usuario:
info: cors permitidos: http://localhost:8080
info: Servidor listo, puerto: 8083 - Ambiente: local
info: cors permitidos: http://localhost:8080
info: Servidor listo, puerto: 8083 - Ambiente: local
info: Se hace la conexión con exito.
error: usuario:
error: Error en _getDisponibilidadUsuarioByUsuario: el ingreso de tipos compuestos anónimos no está implementado {"code":"0A000","file":"d:\\pginstaller_13.auto\\postgres.windows-x64\\src\\backend\\utils\\adt\\rowtypes.c","length":188,"line":"104","name":"error","position":"39","routine":"record_in","severity":"ERROR","stack":"error: el ingreso de tipos compuestos anónimos no está implementado\n    at Parser.parseErrorMessage (C:\\Users\\jeffr\\Documents\\universidad\\Tesis\\tesis-back\\api-express-ts\\node_modules\\pg-protocol\\src\\parser.ts:369:69)\n    at Parser.handlePacket (C:\\Users\\jeffr\\Documents\\universidad\\Tesis\\tesis-back\\api-express-ts\\node_modules\\pg-protocol\\src\\parser.ts:188:21)\n    at Parser.parse (C:\\Users\\jeffr\\Documents\\universidad\\Tesis\\tesis-back\\api-express-ts\\node_modules\\pg-protocol\\src\\parser.ts:103:30)\n    at Socket.<anonymous> (C:\\Users\\jeffr\\Documents\\universidad\\Tesis\\tesis-back\\api-express-ts\\node_modules\\pg-protocol\\src\\index.ts:7:48)\n    at Socket.emit (node:events:527:28)\n    at Socket.emit (node:domain:475:12)\n    at addChunk (node:internal/streams/readable:315:12)\n    at readableAddChunk (node:internal/streams/readable:289:9)\n    at Socket.Readable.push (node:internal/streams/readable:228:10)\n    at TCP.onStreamRead (node:internal/stream_base_commons:190:23)"}
error: Error al validar disponibilidad del usuario:
info: cors permitidos: http://localhost:8080
info: Servidor listo, puerto: 8083 - Ambiente: local
info: cors permitidos: http://localhost:8080
info: Servidor listo, puerto: 8083 - Ambiente: local
info: cors permitidos: http://localhost:8080
info: Servidor listo, puerto: 8083 - Ambiente: local
info: cors permitidos: http://localhost:8080
info: Servidor listo, puerto: 8083 - Ambiente: local
info: cors permitidos: http://localhost:8080
info: Servidor listo, puerto: 8083 - Ambiente: local
info: Se hace la conexión con exito.
error: usuario:
error: Error en _getDisponibilidadUsuarioByUsuario: el ingreso de tipos compuestos anónimos no está implementado {"code":"0A000","file":"d:\\pginstaller_13.auto\\postgres.windows-x64\\src\\backend\\utils\\adt\\rowtypes.c","length":188,"line":"104","name":"error","position":"39","routine":"record_in","severity":"ERROR","stack":"error: el ingreso de tipos compuestos anónimos no está implementado\n    at Parser.parseErrorMessage (C:\\Users\\jeffr\\Documents\\universidad\\Tesis\\tesis-back\\api-express-ts\\node_modules\\pg-protocol\\src\\parser.ts:369:69)\n    at Parser.handlePacket (C:\\Users\\jeffr\\Documents\\universidad\\Tesis\\tesis-back\\api-express-ts\\node_modules\\pg-protocol\\src\\parser.ts:188:21)\n    at Parser.parse (C:\\Users\\jeffr\\Documents\\universidad\\Tesis\\tesis-back\\api-express-ts\\node_modules\\pg-protocol\\src\\parser.ts:103:30)\n    at Socket.<anonymous> (C:\\Users\\jeffr\\Documents\\universidad\\Tesis\\tesis-back\\api-express-ts\\node_modules\\pg-protocol\\src\\index.ts:7:48)\n    at Socket.emit (node:events:527:28)\n    at Socket.emit (node:domain:475:12)\n    at addChunk (node:internal/streams/readable:315:12)\n    at readableAddChunk (node:internal/streams/readable:289:9)\n    at Socket.Readable.push (node:internal/streams/readable:228:10)\n    at TCP.onStreamRead (node:internal/stream_base_commons:190:23)"}
error: Error al validar disponibilidad del usuario:
info: cors permitidos: http://localhost:8080
info: Servidor listo, puerto: 8083 - Ambiente: local
info: Se hace la conexión con exito.
error: usuario:
error: Error en _getDisponibilidadUsuarioByUsuario: el ingreso de tipos compuestos anónimos no está implementado {"code":"0A000","file":"d:\\pginstaller_13.auto\\postgres.windows-x64\\src\\backend\\utils\\adt\\rowtypes.c","length":188,"line":"104","name":"error","position":"39","routine":"record_in","severity":"ERROR","stack":"error: el ingreso de tipos compuestos anónimos no está implementado\n    at Parser.parseErrorMessage (C:\\Users\\jeffr\\Documents\\universidad\\Tesis\\tesis-back\\api-express-ts\\node_modules\\pg-protocol\\src\\parser.ts:369:69)\n    at Parser.handlePacket (C:\\Users\\jeffr\\Documents\\universidad\\Tesis\\tesis-back\\api-express-ts\\node_modules\\pg-protocol\\src\\parser.ts:188:21)\n    at Parser.parse (C:\\Users\\jeffr\\Documents\\universidad\\Tesis\\tesis-back\\api-express-ts\\node_modules\\pg-protocol\\src\\parser.ts:103:30)\n    at Socket.<anonymous> (C:\\Users\\jeffr\\Documents\\universidad\\Tesis\\tesis-back\\api-express-ts\\node_modules\\pg-protocol\\src\\index.ts:7:48)\n    at Socket.emit (node:events:527:28)\n    at Socket.emit (node:domain:475:12)\n    at addChunk (node:internal/streams/readable:315:12)\n    at readableAddChunk (node:internal/streams/readable:289:9)\n    at Socket.Readable.push (node:internal/streams/readable:228:10)\n    at TCP.onStreamRead (node:internal/stream_base_commons:190:23)"}
error: Error al validar disponibilidad del usuario:
info: cors permitidos: http://localhost:8080
info: Servidor listo, puerto: 8083 - Ambiente: local
info: cors permitidos: http://localhost:8080
info: Servidor listo, puerto: 8083 - Ambiente: local
info: Se hace la conexión con exito.
info: Se hace la conexión con exito.
info: Se hace la conexión con exito.
info: Se hace la conexión con exito.
info: Se hace la conexión con exito.
info: Se hace la conexión con exito.
info: id_rol_list: se encontraron 0 id_rol_list
info: cors permitidos: http://localhost:8080
info: Servidor listo, puerto: 8083 - Ambiente: local
info: Se hace la conexión con exito.
info: Se hace la conexión con exito.
info: id_rol_list: se encontraron 0 id_rol_list
info: cors permitidos: http://localhost:8080
info: Servidor listo, puerto: 8083 - Ambiente: local
info: cors permitidos: http://localhost:8080
info: Servidor listo, puerto: 8083 - Ambiente: local
info: cors permitidos: http://localhost:8080
info: Servidor listo, puerto: 8083 - Ambiente: local
info: Se hace la conexión con exito.
info: Se hace la conexión con exito.
info: id_rol_list: se encontraron 0 id_rol_list
info: Se hace la conexión con exito.
info: Se hace la conexión con exito.
info: id_rol_list: se encontraron 1 id_rol_list
info: Se hace la conexión con exito.
error: Error en getRolByIds:  error: la sintaxis de entrada no es válida para tipo uuid: «{"b19517e2-b383-4656-8099-67d49ca3a8c7"}»
info: cors permitidos: http://localhost:8080
info: Servidor listo, puerto: 8083 - Ambiente: local
info: Se hace la conexión con exito.
info: Se hace la conexión con exito.
info: id_rol_list: se encontraron 1 id_rol_list
info: Se hace la conexión con exito.
error: Error en getRolByIds:  error: la sintaxis de entrada no es válida para tipo uuid: «$1»
info: cors permitidos: http://localhost:8080
info: Servidor listo, puerto: 8083 - Ambiente: local
info: Se hace la conexión con exito.
info: Se hace la conexión con exito.
info: id_rol_list: se encontraron 1 id_rol_list
info: Se hace la conexión con exito.
