info: Servidor listo, puerto: 8083 - Ambiente: local
info: Servidor listo, puerto: 8083 - Ambiente: local
info: Servidor listo, puerto: 8083 - Ambiente: local
info: Servidor listo, puerto: 8083 - Ambiente: local
info: Servidor listo, puerto: 8083 - Ambiente: local
info: Servidor listo, puerto: 8083 - Ambiente: local
info: Servidor listo, puerto: 8083 - Ambiente: local
info: Servidor listo, puerto: 8083 - Ambiente: local
info: Servidor listo, puerto: 8083 - Ambiente: local
info: Servidor listo, puerto: 8083 - Ambiente: local
info: Servidor listo, puerto: 8083 - Ambiente: local
error: Error en conexion: error: password authentication failed for user "yeaqqqxacdvcja"
info: Servidor listo, puerto: 8083 - Ambiente: local
error: Error en conexion: error: password authentication failed for user "yeaqqqxacdvcja"
info: Servidor listo, puerto: 8083 - Ambiente: local
info: Servidor listo, puerto: 8083 - Ambiente: local
info: Servidor listo, puerto: 8083 - Ambiente: local
error: Error en conexion: error: password authentication failed for user "yeaqqqxacdvcja"
info: Servidor listo, puerto: 8083 - Ambiente: local
info: Servidor listo, puerto: 8083 - Ambiente: local
info: cors permitidos: https://rickandmortyapi.com
info: Servidor listo, puerto: 8083 - Ambiente: local
info: cors permitidos: https://rickandmortyapi.com
info: Servidor listo, puerto: 8083 - Ambiente: local
info: cors permitidos: https://rickandmortyapi.com
info: Servidor listo, puerto: 8083 - Ambiente: local
info: cors permitidos: https://rickandmortyapi.com
info: Servidor listo, puerto: 8083 - Ambiente: local
info: cors permitidos: https://rickandmortyapi.com
info: Servidor listo, puerto: 8083 - Ambiente: local
error: Error en conexion: Error: The server does not support SSL connections
info: cors permitidos: https://rickandmortyapi.com
info: Servidor listo, puerto: 8083 - Ambiente: local
info: cors permitidos: https://rickandmortyapi.com
info: Servidor listo, puerto: 8083 - Ambiente: local
error: Error en conexion: Error: The server does not support SSL connections
error: Error en conexion: Error: The server does not support SSL connections
info: cors permitidos: https://rickandmortyapi.com
info: Servidor listo, puerto: 8083 - Ambiente: local
info: cors permitidos: https://rickandmortyapi.com
info: Servidor listo, puerto: 8083 - Ambiente: local
info: Se hace la conexión con exito.
error: Error en getAllRols:  error: no existe la relación «rol»
info: cors permitidos: https://rickandmortyapi.com
info: Servidor listo, puerto: 8083 - Ambiente: local
info: cors permitidos: https://rickandmortyapi.com
info: Servidor listo, puerto: 8083 - Ambiente: local
info: Se hace la conexión con exito.
error: Error en getAllRols:  error: no existe la relación «rol»
info: cors permitidos: https://rickandmortyapi.com
info: Servidor listo, puerto: 8083 - Ambiente: local
info: cors permitidos: https://rickandmortyapi.com
info: Servidor listo, puerto: 8083 - Ambiente: local
info: Se hace la conexión con exito.
error: Error en getAllRols:  error: no existe la relación «rol»
info: cors permitidos: https://rickandmortyapi.com
info: Servidor listo, puerto: 8083 - Ambiente: local
info: Se hace la conexión con exito.
error: Error en getAllRols:  error: no existe la relación «rol»
info: cors permitidos: https://rickandmortyapi.com
info: Servidor listo, puerto: 8083 - Ambiente: local
info: Se hace la conexión con exito.
error: Error en getAllRols:  error: no existe la relación «rol»
info: cors permitidos: https://rickandmortyapi.com
info: Servidor listo, puerto: 8083 - Ambiente: local
info: Se hace la conexión con exito.
error: Error en getAllRols:  error: no existe la relación «rol»
info: cors permitidos: https://rickandmortyapi.com
info: Servidor listo, puerto: 8083 - Ambiente: local
info: cors permitidos: https://rickandmortyapi.com
info: Servidor listo, puerto: 8083 - Ambiente: local
info: cors permitidos: https://rickandmortyapi.com
info: Servidor listo, puerto: 8083 - Ambiente: local
info: Se hace la conexión con exito.
error: Error en getAllRols:  error: no existe la relación «rol»
info: cors permitidos: https://rickandmortyapi.com
info: Servidor listo, puerto: 8083 - Ambiente: local
info: Se hace la conexión con exito.
error: Error en getAllRols:  error: no existe la relación «rol»
info: cors permitidos: https://rickandmortyapi.com
info: Servidor listo, puerto: 8083 - Ambiente: local
info: Se hace la conexión con exito.
error: Error en getAllRols:  error: no existe la relación «rol»
info: cors permitidos: https://rickandmortyapi.com
info: Servidor listo, puerto: 8083 - Ambiente: local
info: Se hace la conexión con exito.
info: info [object Object],[object Object]
info: getAllRols: se encontraron 0 roles
info: cors permitidos: https://rickandmortyapi.com
info: Servidor listo, puerto: 8083 - Ambiente: local
info: cors permitidos: https://rickandmortyapi.com
info: Servidor listo, puerto: 8083 - Ambiente: local
info: Se hace la conexión con exito.
info: getAllRols: se encontraron 2 roles
info: cors permitidos: https://rickandmortyapi.com
info: Servidor listo, puerto: 8083 - Ambiente: local
info: Se hace la conexión con exito.
info: getAllRols: se encontraron 2 roles
info: cors permitidos: https://rickandmortyapi.com
info: Servidor listo, puerto: 8083 - Ambiente: local
info: cors permitidos: https://rickandmortyapi.com
info: Servidor listo, puerto: 8083 - Ambiente: local
info: cors permitidos: https://rickandmortyapi.com
info: Servidor listo, puerto: 8083 - Ambiente: local
info: cors permitidos: https://rickandmortyapi.com
info: Servidor listo, puerto: 8083 - Ambiente: local
info: Se hace la conexión con exito.
info: getAllRols: se encontraron 2 roles
info: cors permitidos: https://rickandmortyapi.com
info: Servidor listo, puerto: 8083 - Ambiente: local
info: cors permitidos: https://rickandmortyapi.com
info: Servidor listo, puerto: 8083 - Ambiente: local
info: cors permitidos: https://rickandmortyapi.com
info: Servidor listo, puerto: 8083 - Ambiente: local
info: cors permitidos: https://rickandmortyapi.com
info: Servidor listo, puerto: 8083 - Ambiente: local
info: cors permitidos: https://rickandmortyapi.com
info: Servidor listo, puerto: 8083 - Ambiente: local
info: cors permitidos: https://rickandmortyapi.com
info: Servidor listo, puerto: 8083 - Ambiente: local
info: Se hace la conexión con exito.
info: getAllRols: se encontraron 2 roles
info: cors permitidos: https://rickandmortyapi.com
info: Servidor listo, puerto: 8083 - Ambiente: local
info: cors permitidos: https://rickandmortyapi.com
info: Servidor listo, puerto: 8083 - Ambiente: local
info: cors permitidos: https://rickandmortyapi.com
info: Servidor listo, puerto: 8083 - Ambiente: local
info: Se hace la conexión con exito.
info: getAllRols: se encontraron 2 roles
info: cors permitidos: http://localhost:8080
info: Servidor listo, puerto: 8083 - Ambiente: local
info: Se hace la conexión con exito.
info: getAllRols: se encontraron 2 roles
info: cors permitidos: http://localhost:8080
info: Servidor listo, puerto: 8083 - Ambiente: local
info: Se hace la conexión con exito.
info: getAllRols: se encontraron 2 roles
info: cors permitidos: http://localhost:8080
info: Servidor listo, puerto: 8083 - Ambiente: local
