info: Servidor listo, puerto: 8083 - Ambiente: local
info: Se hace la conexión con exito.
info: Se hace la conexión con exito.
info: id_rol_list: se encontraron 1 id_rol_list
info: Se hace la conexión con exito.
info: Servidor listo, puerto: 8083 - Ambiente: local
info: Se hace la conexión con exito.
error:  time: 2023-10-25 | Credenciales no validas
info: Servidor listo, puerto: 8083 - Ambiente: local
info: Se hace la conexión con exito.
error:  time: 2023-10-25 15:50:48 | Credenciales no validas
info: Servidor listo, puerto: 8083 - Ambiente: local
info: Servidor listo, puerto: 8083 - Ambiente: local
info: Servidor listo, puerto: 8083 - Ambiente: local
info: Servidor listo, puerto: 8083 - Ambiente: local
info: Servidor listo, puerto: 8083 - Ambiente: local
info: Servidor listo, puerto: 8083 - Ambiente: local
info: Servidor listo, puerto: 8083 - Ambiente: local
info: Servidor listo, puerto: 8083 - Ambiente: local
info: Servidor listo, puerto: 8083 - Ambiente: local
info: Se hace la conexión con exito.
error:  time: 2023-10-25 16:09:22 metodo: _getUsuarioByUsuario | Error inesperado al obtener usuario por ID.
info: Servidor listo, puerto: 8083 - Ambiente: local
info: Servidor listo, puerto: 8083 - Ambiente: local
info: Servidor listo, puerto: 8083 - Ambiente: local
info: Servidor listo, puerto: 8083 - Ambiente: local
info: Servidor listo, puerto: 8083 - Ambiente: local
info: Servidor listo, puerto: 8083 - Ambiente: local
info: Servidor listo, puerto: 8083 - Ambiente: local
info: Servidor listo, puerto: 8083 - Ambiente: local
info: Servidor listo, puerto: 8083 - Ambiente: local
info: Servidor listo, puerto: 8083 - Ambiente: local
info: Servidor listo, puerto: 8083 - Ambiente: local
info: Servidor listo, puerto: 8083 - Ambiente: local
info: Servidor listo, puerto: 8083 - Ambiente: local
info: Servidor listo, puerto: 8083 - Ambiente: local
info: Servidor listo, puerto: 8083 - Ambiente: local
info: Servidor listo, puerto: 8083 - Ambiente: local
info: Servidor listo, puerto: 8083 - Ambiente: local
info: Servidor listo, puerto: 8083 - Ambiente: local
info: Servidor listo, puerto: 8083 - Ambiente: local
info: Servidor listo, puerto: 8083 - Ambiente: local
info: Servidor listo, puerto: 8083 - Ambiente: local
info: Servidor listo, puerto: 8083 - Ambiente: local
info: Servidor listo, puerto: 8083 - Ambiente: local
info: Servidor listo, puerto: 8083 - Ambiente: local
info: Servidor listo, puerto: 8083 - Ambiente: local
info: Servidor listo, puerto: 8083 - Ambiente: local
info: Servidor listo, puerto: 8083 - Ambiente: local
info: Servidor listo, puerto: 8083 - Ambiente: local
info: Servidor listo, puerto: 8083 - Ambiente: local
info: Servidor listo, puerto: 8083 - Ambiente: local
info: Servidor listo, puerto: 8083 - Ambiente: local
info: Servidor listo, puerto: 8083 - Ambiente: local
info: Servidor listo, puerto: 8083 - Ambiente: local
info: Servidor listo, puerto: 8083 - Ambiente: local
info: Servidor listo, puerto: 8083 - Ambiente: local
info: Servidor listo, puerto: 8083 - Ambiente: local
info: Servidor listo, puerto: 8083 - Ambiente: local
info: Servidor listo, puerto: 8083 - Ambiente: local
info: Servidor listo, puerto: 8083 - Ambiente: local
info: Servidor listo, puerto: 8083 - Ambiente: local
info: Servidor listo, puerto: 8083 - Ambiente: local
info: Servidor listo, puerto: 8083 - Ambiente: local
info: Servidor listo, puerto: 8083 - Ambiente: local
info: Servidor listo, puerto: 8083 - Ambiente: local
info: Servidor listo, puerto: 8083 - Ambiente: local
info: Servidor listo, puerto: 8083 - Ambiente: local
info: Servidor listo, puerto: 8083 - Ambiente: local
info: Servidor listo, puerto: 8083 - Ambiente: local
info: Servidor listo, puerto: 8083 - Ambiente: local
info: Servidor listo, puerto: 8083 - Ambiente: local
info: Servidor listo, puerto: 8083 - Ambiente: local
info: Servidor listo, puerto: 8083 - Ambiente: local
info: Servidor listo, puerto: 8083 - Ambiente: local
info: Servidor listo, puerto: 8083 - Ambiente: local
info: Servidor listo, puerto: 8083 - Ambiente: local
info: Servidor listo, puerto: 8083 - Ambiente: local
info: Servidor listo, puerto: 8083 - Ambiente: local
info: Servidor listo, puerto: 8083 - Ambiente: local
info: Servidor listo, puerto: 8083 - Ambiente: local
info: Servidor listo, puerto: 8083 - Ambiente: local
info: Servidor listo, puerto: 8083 - Ambiente: local
info: Servidor listo, puerto: 8083 - Ambiente: local
info: Servidor listo, puerto: 8083 - Ambiente: local
info: Se hace la conexión con exito.
info: Se hace la conexión con exito.
info: Se hace la conexión con exito.
info: Servidor listo, puerto: 8083 - Ambiente: local
info: Servidor listo, puerto: 8083 - Ambiente: local
info: Se hace la conexión con exito.
info: Se hace la conexión con exito.
info: Se hace la conexión con exito.
info: Servidor listo, puerto: 8083 - Ambiente: local
info: Servidor listo, puerto: 8083 - Ambiente: local
error:  time: 2023-10-25 17:13:42 | Credenciales no validas
error:  time: 2023-10-25 17:14:37 | Credenciales no validas
error:  time: 2023-10-25 17:16:19 | Credenciales no validas
error:  time: 2023-10-25 17:16:23 | Credenciales no validas
info: Servidor listo, puerto: 8083 - Ambiente: local
info: Servidor listo, puerto: 8083 - Ambiente: local
info: Servidor listo, puerto: 8083 - Ambiente: local
info: Servidor listo, puerto: 8083 - Ambiente: local
info: Servidor listo, puerto: 8083 - Ambiente: local
info: Servidor listo, puerto: 8083 - Ambiente: local
info: Servidor listo, puerto: 8083 - Ambiente: local
error:  time: 2023-10-25 17:32:15 metodo: Campo: 'id' no valido. | Error en 
